<?xml version="1.0" encoding="UTF-8"?>
<testsuite xmlns:xsi="http://www.w3.org/2001/XMLSchema-instance" xsi:noNamespaceSchemaLocation="https://maven.apache.org/surefire/maven-surefire-plugin/xsd/surefire-test-report.xsd" name="PixTests.VincularDuasChavesCPF_EMAIL_Test" time="3.716" tests="2" errors="0" skipped="0" failures="2">
  <properties>
    <property name="sun.desktop" value="windows"/>
    <property name="awt.toolkit" value="sun.awt.windows.WToolkit"/>
    <property name="file.encoding.pkg" value="sun.io"/>
    <property name="java.specification.version" value="1.8"/>
    <property name="sun.cpu.isalist" value="amd64"/>
    <property name="sun.jnu.encoding" value="Cp1252"/>
    <property name="java.class.path" value="C:\Users\10255058675\Documents\Workspace\Pix-AUtomation\Automacao-pix\target\test-classes;C:\Users\10255058675\Documents\Workspace\Pix-AUtomation\Automacao-pix\target\classes;C:\Users\10255058675\.m2\repository\org\hamcrest\hamcrest\2.2\hamcrest-2.2.jar;C:\Users\10255058675\.m2\repository\io\rest-assured\rest-assured\4.0.0\rest-assured-4.0.0.jar;C:\Users\10255058675\.m2\repository\org\codehaus\groovy\groovy\2.5.6\groovy-2.5.6.jar;C:\Users\10255058675\.m2\repository\org\codehaus\groovy\groovy-xml\2.5.6\groovy-xml-2.5.6.jar;C:\Users\10255058675\.m2\repository\org\apache\httpcomponents\httpclient\4.5.3\httpclient-4.5.3.jar;C:\Users\10255058675\.m2\repository\org\apache\httpcomponents\httpcore\4.4.6\httpcore-4.4.6.jar;C:\Users\10255058675\.m2\repository\commons-logging\commons-logging\1.2\commons-logging-1.2.jar;C:\Users\10255058675\.m2\repository\commons-codec\commons-codec\1.9\commons-codec-1.9.jar;C:\Users\10255058675\.m2\repository\org\apache\httpcomponents\httpmime\4.5.3\httpmime-4.5.3.jar;C:\Users\10255058675\.m2\repository\org\hamcrest\hamcrest-core\2.1\hamcrest-core-2.1.jar;C:\Users\10255058675\.m2\repository\org\ccil\cowan\tagsoup\tagsoup\1.2.1\tagsoup-1.2.1.jar;C:\Users\10255058675\.m2\repository\io\rest-assured\xml-path\4.0.0\xml-path-4.0.0.jar;C:\Users\10255058675\.m2\repository\org\apache\commons\commons-lang3\3.4\commons-lang3-3.4.jar;C:\Users\10255058675\.m2\repository\javax\xml\bind\jaxb-api\2.2.12\jaxb-api-2.2.12.jar;C:\Users\10255058675\.m2\repository\com\sun\xml\bind\jaxb-osgi\2.2.10\jaxb-osgi-2.2.10.jar;C:\Users\10255058675\.m2\repository\org\apache\sling\org.apache.sling.javax.activation\0.1.0\org.apache.sling.javax.activation-0.1.0.jar;C:\Users\10255058675\.m2\repository\javax\activation\activation\1.1.1\activation-1.1.1.jar;C:\Users\10255058675\.m2\repository\org\jsoup\jsoup\1.12.1\jsoup-1.12.1.jar;C:\Users\10255058675\.m2\repository\io\rest-assured\json-path\4.0.0\json-path-4.0.0.jar;C:\Users\10255058675\.m2\repository\org\codehaus\groovy\groovy-json\2.5.6\groovy-json-2.5.6.jar;C:\Users\10255058675\.m2\repository\io\rest-assured\rest-assured-common\4.0.0\rest-assured-common-4.0.0.jar;C:\Users\10255058675\.m2\repository\io\rest-assured\json-schema-validator\4.3.0\json-schema-validator-4.3.0.jar;C:\Users\10255058675\.m2\repository\com\github\java-json-tools\json-schema-validator\2.2.10\json-schema-validator-2.2.10.jar;C:\Users\10255058675\.m2\repository\com\github\java-json-tools\json-schema-core\1.2.10\json-schema-core-1.2.10.jar;C:\Users\10255058675\.m2\repository\com\github\java-json-tools\jackson-coreutils\1.9\jackson-coreutils-1.9.jar;C:\Users\10255058675\.m2\repository\com\fasterxml\jackson\core\jackson-databind\2.2.3\jackson-databind-2.2.3.jar;C:\Users\10255058675\.m2\repository\com\fasterxml\jackson\core\jackson-annotations\2.2.3\jackson-annotations-2.2.3.jar;C:\Users\10255058675\.m2\repository\com\fasterxml\jackson\core\jackson-core\2.2.3\jackson-core-2.2.3.jar;C:\Users\10255058675\.m2\repository\com\google\guava\guava\16.0.1\guava-16.0.1.jar;C:\Users\10255058675\.m2\repository\com\github\fge\msg-simple\1.1\msg-simple-1.1.jar;C:\Users\10255058675\.m2\repository\com\github\fge\btf\1.2\btf-1.2.jar;C:\Users\10255058675\.m2\repository\com\github\fge\uri-template\0.9\uri-template-0.9.jar;C:\Users\10255058675\.m2\repository\org\mozilla\rhino\1.7.7.1\rhino-1.7.7.1.jar;C:\Users\10255058675\.m2\repository\javax\mail\mailapi\1.4.3\mailapi-1.4.3.jar;C:\Users\10255058675\.m2\repository\joda-time\joda-time\2.9.7\joda-time-2.9.7.jar;C:\Users\10255058675\.m2\repository\com\googlecode\libphonenumber\libphonenumber\8.0.0\libphonenumber-8.0.0.jar;C:\Users\10255058675\.m2\repository\com\google\code\findbugs\jsr305\3.0.1\jsr305-3.0.1.jar;C:\Users\10255058675\.m2\repository\net\sf\jopt-simple\jopt-simple\5.0.3\jopt-simple-5.0.3.jar;C:\Users\10255058675\.m2\repository\com\googlecode\json-simple\json-simple\1.1.1\json-simple-1.1.1.jar;C:\Users\10255058675\.m2\repository\junit\junit\4.10\junit-4.10.jar;C:\Users\10255058675\.m2\repository\org\json\json\20180813\json-20180813.jar;C:\Users\10255058675\.m2\repository\org\junit\jupiter\junit-jupiter-engine\5.5.2\junit-jupiter-engine-5.5.2.jar;C:\Users\10255058675\.m2\repository\org\apiguardian\apiguardian-api\1.1.0\apiguardian-api-1.1.0.jar;C:\Users\10255058675\.m2\repository\org\junit\platform\junit-platform-engine\1.5.2\junit-platform-engine-1.5.2.jar;C:\Users\10255058675\.m2\repository\org\opentest4j\opentest4j\1.2.0\opentest4j-1.2.0.jar;C:\Users\10255058675\.m2\repository\org\junit\platform\junit-platform-commons\1.5.2\junit-platform-commons-1.5.2.jar;C:\Users\10255058675\.m2\repository\org\junit\jupiter\junit-jupiter-api\5.5.2\junit-jupiter-api-5.5.2.jar;C:\Users\10255058675\.m2\repository\org\apache\maven\maven-plugin-api\3.6.3\maven-plugin-api-3.6.3.jar;C:\Users\10255058675\.m2\repository\org\apache\maven\maven-model\3.6.3\maven-model-3.6.3.jar;C:\Users\10255058675\.m2\repository\org\apache\maven\maven-artifact\3.6.3\maven-artifact-3.6.3.jar;C:\Users\10255058675\.m2\repository\org\eclipse\sisu\org.eclipse.sisu.plexus\0.3.4\org.eclipse.sisu.plexus-0.3.4.jar;C:\Users\10255058675\.m2\repository\javax\enterprise\cdi-api\1.0\cdi-api-1.0.jar;C:\Users\10255058675\.m2\repository\javax\annotation\jsr250-api\1.0\jsr250-api-1.0.jar;C:\Users\10255058675\.m2\repository\javax\inject\javax.inject\1\javax.inject-1.jar;C:\Users\10255058675\.m2\repository\org\eclipse\sisu\org.eclipse.sisu.inject\0.3.4\org.eclipse.sisu.inject-0.3.4.jar;C:\Users\10255058675\.m2\repository\org\codehaus\plexus\plexus-component-annotations\1.5.5\plexus-component-annotations-1.5.5.jar;C:\Users\10255058675\.m2\repository\org\codehaus\plexus\plexus-utils\3.2.1\plexus-utils-3.2.1.jar;C:\Users\10255058675\.m2\repository\org\codehaus\plexus\plexus-classworlds\2.6.0\plexus-classworlds-2.6.0.jar;C:\Users\10255058675\.m2\repository\org\hamcrest\hamcrest-library\2.2\hamcrest-library-2.2.jar;"/>
    <property name="java.vm.vendor" value="Oracle Corporation"/>
    <property name="sun.arch.data.model" value="64"/>
    <property name="user.variant" value=""/>
    <property name="java.vendor.url" value="http://java.oracle.com/"/>
    <property name="user.timezone" value="America/Sao_Paulo"/>
    <property name="java.vm.specification.version" value="1.8"/>
    <property name="os.name" value="Windows 10"/>
    <property name="user.country" value="BR"/>
    <property name="sun.java.launcher" value="SUN_STANDARD"/>
    <property name="sun.boot.library.path" value="C:\Program Files\Java\jdk1.8.0_271\jre\bin"/>
    <property name="sun.java.command" value="C:\Users\102550~1\AppData\Local\Temp\surefire1421181105793524412\surefirebooter1341735982307159322.jar C:\Users\10255058675\AppData\Local\Temp\surefire1421181105793524412 2021-02-02T09-35-21_201-jvmRun1 surefire4556867175730051499tmp surefire_07874686480973193079tmp"/>
    <property name="surefire.test.class.path" value="C:\Users\10255058675\Documents\Workspace\Pix-AUtomation\Automacao-pix\target\test-classes;C:\Users\10255058675\Documents\Workspace\Pix-AUtomation\Automacao-pix\target\classes;C:\Users\10255058675\.m2\repository\org\hamcrest\hamcrest\2.2\hamcrest-2.2.jar;C:\Users\10255058675\.m2\repository\io\rest-assured\rest-assured\4.0.0\rest-assured-4.0.0.jar;C:\Users\10255058675\.m2\repository\org\codehaus\groovy\groovy\2.5.6\groovy-2.5.6.jar;C:\Users\10255058675\.m2\repository\org\codehaus\groovy\groovy-xml\2.5.6\groovy-xml-2.5.6.jar;C:\Users\10255058675\.m2\repository\org\apache\httpcomponents\httpclient\4.5.3\httpclient-4.5.3.jar;C:\Users\10255058675\.m2\repository\org\apache\httpcomponents\httpcore\4.4.6\httpcore-4.4.6.jar;C:\Users\10255058675\.m2\repository\commons-logging\commons-logging\1.2\commons-logging-1.2.jar;C:\Users\10255058675\.m2\repository\commons-codec\commons-codec\1.9\commons-codec-1.9.jar;C:\Users\10255058675\.m2\repository\org\apache\httpcomponents\httpmime\4.5.3\httpmime-4.5.3.jar;C:\Users\10255058675\.m2\repository\org\hamcrest\hamcrest-core\2.1\hamcrest-core-2.1.jar;C:\Users\10255058675\.m2\repository\org\ccil\cowan\tagsoup\tagsoup\1.2.1\tagsoup-1.2.1.jar;C:\Users\10255058675\.m2\repository\io\rest-assured\xml-path\4.0.0\xml-path-4.0.0.jar;C:\Users\10255058675\.m2\repository\org\apache\commons\commons-lang3\3.4\commons-lang3-3.4.jar;C:\Users\10255058675\.m2\repository\javax\xml\bind\jaxb-api\2.2.12\jaxb-api-2.2.12.jar;C:\Users\10255058675\.m2\repository\com\sun\xml\bind\jaxb-osgi\2.2.10\jaxb-osgi-2.2.10.jar;C:\Users\10255058675\.m2\repository\org\apache\sling\org.apache.sling.javax.activation\0.1.0\org.apache.sling.javax.activation-0.1.0.jar;C:\Users\10255058675\.m2\repository\javax\activation\activation\1.1.1\activation-1.1.1.jar;C:\Users\10255058675\.m2\repository\org\jsoup\jsoup\1.12.1\jsoup-1.12.1.jar;C:\Users\10255058675\.m2\repository\io\rest-assured\json-path\4.0.0\json-path-4.0.0.jar;C:\Users\10255058675\.m2\repository\org\codehaus\groovy\groovy-json\2.5.6\groovy-json-2.5.6.jar;C:\Users\10255058675\.m2\repository\io\rest-assured\rest-assured-common\4.0.0\rest-assured-common-4.0.0.jar;C:\Users\10255058675\.m2\repository\io\rest-assured\json-schema-validator\4.3.0\json-schema-validator-4.3.0.jar;C:\Users\10255058675\.m2\repository\com\github\java-json-tools\json-schema-validator\2.2.10\json-schema-validator-2.2.10.jar;C:\Users\10255058675\.m2\repository\com\github\java-json-tools\json-schema-core\1.2.10\json-schema-core-1.2.10.jar;C:\Users\10255058675\.m2\repository\com\github\java-json-tools\jackson-coreutils\1.9\jackson-coreutils-1.9.jar;C:\Users\10255058675\.m2\repository\com\fasterxml\jackson\core\jackson-databind\2.2.3\jackson-databind-2.2.3.jar;C:\Users\10255058675\.m2\repository\com\fasterxml\jackson\core\jackson-annotations\2.2.3\jackson-annotations-2.2.3.jar;C:\Users\10255058675\.m2\repository\com\fasterxml\jackson\core\jackson-core\2.2.3\jackson-core-2.2.3.jar;C:\Users\10255058675\.m2\repository\com\google\guava\guava\16.0.1\guava-16.0.1.jar;C:\Users\10255058675\.m2\repository\com\github\fge\msg-simple\1.1\msg-simple-1.1.jar;C:\Users\10255058675\.m2\repository\com\github\fge\btf\1.2\btf-1.2.jar;C:\Users\10255058675\.m2\repository\com\github\fge\uri-template\0.9\uri-template-0.9.jar;C:\Users\10255058675\.m2\repository\org\mozilla\rhino\1.7.7.1\rhino-1.7.7.1.jar;C:\Users\10255058675\.m2\repository\javax\mail\mailapi\1.4.3\mailapi-1.4.3.jar;C:\Users\10255058675\.m2\repository\joda-time\joda-time\2.9.7\joda-time-2.9.7.jar;C:\Users\10255058675\.m2\repository\com\googlecode\libphonenumber\libphonenumber\8.0.0\libphonenumber-8.0.0.jar;C:\Users\10255058675\.m2\repository\com\google\code\findbugs\jsr305\3.0.1\jsr305-3.0.1.jar;C:\Users\10255058675\.m2\repository\net\sf\jopt-simple\jopt-simple\5.0.3\jopt-simple-5.0.3.jar;C:\Users\10255058675\.m2\repository\com\googlecode\json-simple\json-simple\1.1.1\json-simple-1.1.1.jar;C:\Users\10255058675\.m2\repository\junit\junit\4.10\junit-4.10.jar;C:\Users\10255058675\.m2\repository\org\json\json\20180813\json-20180813.jar;C:\Users\10255058675\.m2\repository\org\junit\jupiter\junit-jupiter-engine\5.5.2\junit-jupiter-engine-5.5.2.jar;C:\Users\10255058675\.m2\repository\org\apiguardian\apiguardian-api\1.1.0\apiguardian-api-1.1.0.jar;C:\Users\10255058675\.m2\repository\org\junit\platform\junit-platform-engine\1.5.2\junit-platform-engine-1.5.2.jar;C:\Users\10255058675\.m2\repository\org\opentest4j\opentest4j\1.2.0\opentest4j-1.2.0.jar;C:\Users\10255058675\.m2\repository\org\junit\platform\junit-platform-commons\1.5.2\junit-platform-commons-1.5.2.jar;C:\Users\10255058675\.m2\repository\org\junit\jupiter\junit-jupiter-api\5.5.2\junit-jupiter-api-5.5.2.jar;C:\Users\10255058675\.m2\repository\org\apache\maven\maven-plugin-api\3.6.3\maven-plugin-api-3.6.3.jar;C:\Users\10255058675\.m2\repository\org\apache\maven\maven-model\3.6.3\maven-model-3.6.3.jar;C:\Users\10255058675\.m2\repository\org\apache\maven\maven-artifact\3.6.3\maven-artifact-3.6.3.jar;C:\Users\10255058675\.m2\repository\org\eclipse\sisu\org.eclipse.sisu.plexus\0.3.4\org.eclipse.sisu.plexus-0.3.4.jar;C:\Users\10255058675\.m2\repository\javax\enterprise\cdi-api\1.0\cdi-api-1.0.jar;C:\Users\10255058675\.m2\repository\javax\annotation\jsr250-api\1.0\jsr250-api-1.0.jar;C:\Users\10255058675\.m2\repository\javax\inject\javax.inject\1\javax.inject-1.jar;C:\Users\10255058675\.m2\repository\org\eclipse\sisu\org.eclipse.sisu.inject\0.3.4\org.eclipse.sisu.inject-0.3.4.jar;C:\Users\10255058675\.m2\repository\org\codehaus\plexus\plexus-component-annotations\1.5.5\plexus-component-annotations-1.5.5.jar;C:\Users\10255058675\.m2\repository\org\codehaus\plexus\plexus-utils\3.2.1\plexus-utils-3.2.1.jar;C:\Users\10255058675\.m2\repository\org\codehaus\plexus\plexus-classworlds\2.6.0\plexus-classworlds-2.6.0.jar;C:\Users\10255058675\.m2\repository\org\hamcrest\hamcrest-library\2.2\hamcrest-library-2.2.jar;"/>
    <property name="sun.cpu.endian" value="little"/>
    <property name="user.home" value="C:\Users\10255058675"/>
    <property name="user.language" value="pt"/>
    <property name="java.specification.vendor" value="Oracle Corporation"/>
    <property name="java.home" value="C:\Program Files\Java\jdk1.8.0_271\jre"/>
    <property name="basedir" value="C:\Users\10255058675\Documents\Workspace\Pix-AUtomation\Automacao-pix"/>
    <property name="file.separator" value="\"/>
    <property name="line.separator" value="&#10;"/>
    <property name="java.vm.specification.vendor" value="Oracle Corporation"/>
    <property name="java.specification.name" value="Java Platform API Specification"/>
    <property name="java.awt.graphicsenv" value="sun.awt.Win32GraphicsEnvironment"/>
    <property name="surefire.real.class.path" value="C:\Users\102550~1\AppData\Local\Temp\surefire1421181105793524412\surefirebooter1341735982307159322.jar"/>
    <property name="sun.boot.class.path" value="C:\Program Files\Java\jdk1.8.0_271\jre\lib\resources.jar;C:\Program Files\Java\jdk1.8.0_271\jre\lib\rt.jar;C:\Program Files\Java\jdk1.8.0_271\jre\lib\sunrsasign.jar;C:\Program Files\Java\jdk1.8.0_271\jre\lib\jsse.jar;C:\Program Files\Java\jdk1.8.0_271\jre\lib\jce.jar;C:\Program Files\Java\jdk1.8.0_271\jre\lib\charsets.jar;C:\Program Files\Java\jdk1.8.0_271\jre\lib\jfr.jar;C:\Program Files\Java\jdk1.8.0_271\jre\classes"/>
    <property name="user.script" value=""/>
    <property name="sun.management.compiler" value="HotSpot 64-Bit Tiered Compilers"/>
    <property name="java.runtime.version" value="1.8.0_271-b09"/>
    <property name="user.name" value="10255058675"/>
    <property name="path.separator" value=";"/>
    <property name="os.version" value="10.0"/>
    <property name="java.endorsed.dirs" value="C:\Program Files\Java\jdk1.8.0_271\jre\lib\endorsed"/>
    <property name="java.runtime.name" value="Java(TM) SE Runtime Environment"/>
    <property name="file.encoding" value="Cp1252"/>
    <property name="java.vm.name" value="Java HotSpot(TM) 64-Bit Server VM"/>
    <property name="localRepository" value="C:\Users\10255058675\.m2\repository"/>
    <property name="java.vendor.url.bug" value="http://bugreport.sun.com/bugreport/"/>
    <property name="java.io.tmpdir" value="C:\Users\102550~1\AppData\Local\Temp\"/>
    <property name="java.version" value="1.8.0_271"/>
    <property name="user.dir" value="C:\Users\10255058675\Documents\Workspace\Pix-AUtomation\Automacao-pix"/>
    <property name="os.arch" value="amd64"/>
    <property name="java.vm.specification.name" value="Java Virtual Machine Specification"/>
    <property name="java.awt.printerjob" value="sun.awt.windows.WPrinterJob"/>
    <property name="sun.os.patch.level" value=""/>
    <property name="java.library.path" value="C:\Program Files\Java\jdk1.8.0_271\jre\bin;C:\WINDOWS\Sun\Java\bin;C:\WINDOWS\system32;C:\WINDOWS;C:\Program Files (x86)\Common Files\Oracle\Java\javapath;C:\WINDOWS\system32;C:\WINDOWS;C:\WINDOWS\System32\Wbem;C:\WINDOWS\System32\WindowsPowerShell\v1.0\;C:\WINDOWS\System32\OpenSSH\;C:\WINDOWS\CCM;C:\Program Files (x86)\Microsoft SQL Server\150\DTS\Binn\;%JAVA_HOME%\bin;C:\Maven\apache-maven-3.6.3\bin;C:\Users\10255058675\AppData\Local\Microsoft\WindowsApps;C:\Users\10255058675\AppData\Local\Programs\Git\cmd;."/>
    <property name="java.vm.info" value="mixed mode"/>
    <property name="java.vendor" value="Oracle Corporation"/>
    <property name="java.vm.version" value="25.271-b09"/>
    <property name="java.ext.dirs" value="C:\Program Files\Java\jdk1.8.0_271\jre\lib\ext;C:\WINDOWS\Sun\Java\lib\ext"/>
    <property name="sun.io.unicode.encoding" value="UnicodeLittle"/>
    <property name="java.class.version" value="52.0"/>
  </properties>
  <testcase name="vinculaEmailTeste" classname="PixTests.VincularDuasChavesCPF_EMAIL_Test" time="2.012">
    <failure message="1 expectation failed.&#10;Expected status code &lt;201&gt; but was &lt;412&gt;.&#10;" type="java.lang.AssertionError"><![CDATA[java.lang.AssertionError: 
1 expectation failed.
Expected status code <201> but was <412>.

	at PixTests.VincularDuasChavesCPF_EMAIL_Test.vinculaEmailTeste(VincularDuasChavesCPF_EMAIL_Test.java:62)
]]></failure>
    <system-out><![CDATA[Request method:	POST
Request URI:	https://api-hml.bancopan.com.br/bancodigital/api/v1/autenticacao
Proxy:			<none>
Request params:	<none>
Query params:	<none>
Form params:	<none>
Path params:	<none>
Headers:		origem=automacao
				Accept=*/*
				Content-Type=application/json; charset=UTF-8
Cookies:		<none>
Multiparts:		<none>
Body:
{
    "usuario": "93236782102",
    "senha": "240391"
}
HTTP/1.1 200 OK
Context-Path: /autenticacao
TraceId: b9b52b063a80c604
X-Application-Context: api--autenticacao:hml:5000
Content-Encoding: gzip
Content-Type: application/json;charset=UTF-8
Content-Length: 200
Date: Tue, 02 Feb 2021 12:36:37 GMT
Strict-Transport-Security: max-age=31536000 ; includeSubDomains
Set-Cookie: f5avraaaaaaaaaaaaaaaa_session_=GJNPGJAOPPCOMKFPMIFLCJOHMLOJBNAGGGJLKOHELAEOACOEOOPLCKEMKDFMAPDGIOODBMJAJHGHFMPMCCDAFABCAEKIFIENKAHEOOIKOMIPOGLMKFHNPLJKOOHONLCH; HttpOnly; secure
Set-Cookie: TS01b8223e=0142889eb88344bf9cb290fa30f06d219622e24d61322a493675dbcad1fb422d943ada20e2a6b169c8b8255ad04514e02b8848b8f00d1cc833d1d268eedd975a9e359a6761; Path=/
Set-Cookie: TS01b8223e030=01c5acd08ebb6dcce49875bb040cf1d4b8f44201e6d101b1501bb88b4347bf33623d397a03d5c606bc5f988e4e980dbe9d045da1e3; Path=/

{
    "metadata": {
        "stage": "hml",
        "type": "object"
    },
    "results": {
        "tokenAcesso": "vgzPqwK_ckov9Pgn_S_9b0zpPpSX5MZY8OkU8s_Jd7Y",
        "expiracao": 3600,
        "tipoToken": "Bearer",
        "refreshToken": "besxaEzvr60iULlr0pIN6InMLfll6IzJdWGZAsW1P9c"
    }
}
Request method:	POST
Request URI:	https://cn-int-api--pix-bff-env-hml.bancopan.com.br/pix/conta/v1/chave
Proxy:			<none>
Request params:	<none>
Query params:	<none>
Form params:	<none>
Path params:	<none>
Headers:		origem=automacao
				idsessao=123444
				Authorization=Bearer vgzPqwK_ckov9Pgn_S_9b0zpPpSX5MZY8OkU8s_Jd7Y
				Accept=*/*
				Content-Type=application/json; charset=UTF-8
Cookies:		<none>
Multiparts:		<none>
Body:
{
    "tipo": "EMAIL",
    "valor": "Igvnenrkqteste@gmail.com",
    "conta": {
        "agencia": "0001",
        "numero": "0098438044"
    },
    "documento": {
        "tipo": "CPF",
        "numero": "93236782102",
        "nome": "Paulo Melo",
        "nomeFantasia": "PM"
    }
}
HTTP/1.1 412 
Content-Type: application/json;charset=UTF-8
Context-Path: /pix/conta/v1/chave
Date: Tue, 02 Feb 2021 12:36:38 GMT
idSessao: 123444
Server: nginx/1.16.1
transfer-encoding: chunked
Connection: keep-alive

{
    "metadata": {
        "stage": "hml,live",
        "type": "error",
        "info": "https://bancopan.atlassian.net/wiki/spaces/PIX/overview"
    },
    "results": {
        "userMessage": "Desculpe, mas não possivel cadastrar sua chave",
        "developerMessage": "Desculpe, mas não possivel cadastrar sua chaveEXISTENTE_MESMO_DONO_E_PSP",
        "code": "3",
        "data": {
            "title": "Você já tem essa chave aqui no Pan.",
            "subtitle": "Você já pode usar essa chave PIX pra receber aqui."
        }
    }
}
]]></system-out>
  </testcase>
  <testcase name="vinculaCPF" classname="PixTests.VincularDuasChavesCPF_EMAIL_Test" time="1.703">
    <failure message="1 expectation failed.&#10;Expected status code &lt;201&gt; but was &lt;412&gt;.&#10;" type="java.lang.AssertionError"><![CDATA[java.lang.AssertionError: 
1 expectation failed.
Expected status code <201> but was <412>.

	at PixTests.VincularDuasChavesCPF_EMAIL_Test.vinculaCPF(VincularDuasChavesCPF_EMAIL_Test.java:101)
]]></failure>
    <system-out><![CDATA[Request method:	POST
Request URI:	https://api-hml.bancopan.com.br/bancodigital/api/v1/autenticacao
Proxy:			<none>
Request params:	<none>
Query params:	<none>
Form params:	<none>
Path params:	<none>
Headers:		origem=automacao
				Accept=*/*
				Content-Type=application/json; charset=UTF-8
Cookies:		<none>
Multiparts:		<none>
Body:
{
    "usuario": "93236782102",
    "senha": "240391"
}
HTTP/1.1 200 OK
Context-Path: /autenticacao
TraceId: 1dfc9deb38f39e0d
X-Application-Context: api--autenticacao:hml:5000
Content-Encoding: gzip
Content-Type: application/json;charset=UTF-8
Content-Length: 203
Date: Tue, 02 Feb 2021 12:36:39 GMT
Strict-Transport-Security: max-age=31536000 ; includeSubDomains
Set-Cookie: f5avraaaaaaaaaaaaaaaa_session_=FECJJKPJEHHFBEFCLBHCKAHKJKHDHKHMIMBPNFOCDJFICOFOKIKKIGDHCPDCEKHLEDPDDPKHLHFIHKDNCDNAOIKHAELMEGHAOLNLALOEEDMGBBNGKABDHFKJFOLJJDGO; HttpOnly; secure
Set-Cookie: TS01b8223e=0142889eb8d2a3d7b6bc61e0dfe5be4b622d7e350ba7bb148f72e79d6c371a09380155127e7ded56c2d94433da242059b04eb348630604fb353a23c790e31a2c671b5691fc; Path=/
Set-Cookie: TS01b8223e030=01c5acd08e604a975bcf332cc81d10cb3888adbbed1eb621a02c632924642e67ca78ff40206c7b7ff55810a5f3d8a9f251c9a9577c; Path=/

{
    "metadata": {
        "stage": "hml",
        "type": "object"
    },
    "results": {
        "tokenAcesso": "4OPYpZHrG1i_4mDNOVjH-kPzwzFACyXYvqplpRKZACY",
        "expiracao": 3600,
        "tipoToken": "Bearer",
        "refreshToken": "v12LChfL3uIBYt9dJAHH98IuQIgG1mXMoJBXysh4bX8"
    }
}
Request method:	POST
Request URI:	https://cn-int-api--pix-bff-env-hml.bancopan.com.br/pix/conta/v1/chave
Proxy:			<none>
Request params:	<none>
Query params:	<none>
Form params:	<none>
Path params:	<none>
Headers:		origem=automacao
				idsessao=123444
				Authorization=Bearer 4OPYpZHrG1i_4mDNOVjH-kPzwzFACyXYvqplpRKZACY
				Accept=*/*
				Content-Type=application/json; charset=UTF-8
Cookies:		<none>
Multiparts:		<none>
Body:
{
    "tipo": "CPF",
    "valor": "93236782102",
    "conta": {
        "agencia": "0001",
        "numero": "0098438044"
    },
    "documento": {
        "tipo": "CPF",
        "numero": "93236782102",
        "nome": "Paulo Melo",
        "nomeFantasia": "PM"
    }
}
HTTP/1.1 412 
Content-Type: application/json;charset=UTF-8
Context-Path: /pix/conta/v1/chave
Date: Tue, 02 Feb 2021 12:36:40 GMT
idSessao: 123444
Server: nginx/1.16.1
transfer-encoding: chunked
Connection: keep-alive

{
    "metadata": {
        "stage": "hml,live",
        "type": "error",
        "info": "https://bancopan.atlassian.net/wiki/spaces/PIX/overview"
    },
    "results": {
        "userMessage": "Desculpe, mas não possivel cadastrar sua chave",
        "developerMessage": "Desculpe, mas não possivel cadastrar sua chaveEXISTENTE_MESMO_DONO_E_PSP",
        "code": "3",
        "data": {
            "title": "Você já tem essa chave aqui no Pan.",
            "subtitle": "Você já pode usar essa chave PIX pra receber aqui."
        }
    }
}
]]></system-out>
  </testcase>
</testsuite>